0 info it worked if it ends with ok
1 verbose cli [ 'node',
1 verbose cli   '/home/vitaliy/.meteor/packages/meteor-tool/.1.3.2_4.1n5cvjp++os.linux.x86_64+web.browser+web.cordova/mt-os.linux.x86_64/dev_bundle/bin/npm',
1 verbose cli   'install',
1 verbose cli   'ng2-file-upload',
1 verbose cli   '--save' ]
2 info using npm@2.14.22
3 info using node@v0.10.43
4 verbose install initial load of /home/vitaliy/Documents/hometown/package.json
5 verbose installManyTop reading scoped package data from /home/vitaliy/Documents/hometown/node_modules/angular2/package.json
6 verbose installManyTop reading scoped package data from /home/vitaliy/Documents/hometown/node_modules/angular2-meteor/package.json
7 verbose installManyTop reading scoped package data from /home/vitaliy/Documents/hometown/node_modules/angular2-meteor-accounts-ui/package.json
8 verbose installManyTop reading scoped package data from /home/vitaliy/Documents/hometown/node_modules/angular2-meteor-auto-bootstrap/package.json
9 verbose installManyTop reading scoped package data from /home/vitaliy/Documents/hometown/node_modules/es6-promise/package.json
10 verbose installManyTop reading scoped package data from /home/vitaliy/Documents/hometown/node_modules/es6-shim/package.json
11 verbose installManyTop reading scoped package data from /home/vitaliy/Documents/hometown/node_modules/lodash/package.json
12 verbose installManyTop reading scoped package data from /home/vitaliy/Documents/hometown/node_modules/meteor-node-stubs/package.json
13 verbose installManyTop reading scoped package data from /home/vitaliy/Documents/hometown/node_modules/ng2-material/package.json
14 verbose installManyTop reading scoped package data from /home/vitaliy/Documents/hometown/node_modules/reflect-metadata/package.json
15 verbose installManyTop reading scoped package data from /home/vitaliy/Documents/hometown/node_modules/rxjs/package.json
16 verbose installManyTop reading scoped package data from /home/vitaliy/Documents/hometown/node_modules/zone.js/package.json
17 info package.json angular2-meteor-accounts-ui@0.3.5 No README data
18 info package.json angular2-meteor-auto-bootstrap@0.5.2 No repository field.
19 verbose readDependencies loading dependencies from /home/vitaliy/Documents/hometown/package.json
20 silly cache add args [ 'ng2-file-upload', null ]
21 verbose cache add spec ng2-file-upload
22 silly cache add parsed spec { raw: 'ng2-file-upload',
22 silly cache add   scope: null,
22 silly cache add   name: 'ng2-file-upload',
22 silly cache add   rawSpec: '',
22 silly cache add   spec: 'latest',
22 silly cache add   type: 'tag' }
23 silly addNamed ng2-file-upload@latest
24 verbose addNamed "latest" is being treated as a dist-tag for ng2-file-upload
25 info addNameTag [ 'ng2-file-upload', 'latest' ]
26 silly mapToRegistry name ng2-file-upload
27 silly mapToRegistry using default registry
28 silly mapToRegistry registry https://registry.npmjs.org/
29 silly mapToRegistry uri https://registry.npmjs.org/ng2-file-upload
30 verbose addNameTag registry:https://registry.npmjs.org/ng2-file-upload not in flight; fetching
31 verbose request uri https://registry.npmjs.org/ng2-file-upload
32 verbose request no auth needed
33 info attempt registry request try #1 at 14:34:27
34 verbose request id 958743b313bf4fa4
35 http request GET https://registry.npmjs.org/ng2-file-upload
36 http 200 https://registry.npmjs.org/ng2-file-upload
37 verbose headers { server: 'CouchDB/1.5.0 (Erlang OTP/R16B03)',
37 verbose headers   etag: '"5PVSJJJ3H8NBYE33LGGZEN468"',
37 verbose headers   'content-type': 'application/json',
37 verbose headers   'content-encoding': 'gzip',
37 verbose headers   'cache-control': 'max-age=300',
37 verbose headers   'content-length': '3871',
37 verbose headers   'accept-ranges': 'bytes',
37 verbose headers   date: 'Sun, 01 May 2016 11:34:28 GMT',
37 verbose headers   via: '1.1 varnish',
37 verbose headers   age: '0',
37 verbose headers   connection: 'keep-alive',
37 verbose headers   'x-served-by': 'cache-fra1223-FRA',
37 verbose headers   'x-cache': 'MISS',
37 verbose headers   'x-cache-hits': '0',
37 verbose headers   'x-timer': 'S1462102467.977276,VS0,VE757',
37 verbose headers   vary: 'Accept-Encoding' }
38 silly get cb [ 200,
38 silly get   { server: 'CouchDB/1.5.0 (Erlang OTP/R16B03)',
38 silly get     etag: '"5PVSJJJ3H8NBYE33LGGZEN468"',
38 silly get     'content-type': 'application/json',
38 silly get     'content-encoding': 'gzip',
38 silly get     'cache-control': 'max-age=300',
38 silly get     'content-length': '3871',
38 silly get     'accept-ranges': 'bytes',
38 silly get     date: 'Sun, 01 May 2016 11:34:28 GMT',
38 silly get     via: '1.1 varnish',
38 silly get     age: '0',
38 silly get     connection: 'keep-alive',
38 silly get     'x-served-by': 'cache-fra1223-FRA',
38 silly get     'x-cache': 'MISS',
38 silly get     'x-cache-hits': '0',
38 silly get     'x-timer': 'S1462102467.977276,VS0,VE757',
38 silly get     vary: 'Accept-Encoding' } ]
39 verbose get saving ng2-file-upload to /home/vitaliy/.npm/registry.npmjs.org/ng2-file-upload/.cache.json
40 verbose correctMkdir /home/vitaliy/.npm correctMkdir not in flight; initializing
41 silly addNameTag next cb for ng2-file-upload with tag latest
42 silly addNamed ng2-file-upload@1.0.0-beta.1
43 verbose addNamed "1.0.0-beta.1" is a plain semver version for ng2-file-upload
44 silly mapToRegistry name ng2-file-upload
45 silly mapToRegistry using default registry
46 silly mapToRegistry registry https://registry.npmjs.org/
47 silly mapToRegistry uri https://registry.npmjs.org/ng2-file-upload
48 verbose addRemoteTarball https://registry.npmjs.org/ng2-file-upload/-/ng2-file-upload-1.0.0-beta.1.tgz not in flight; adding
49 verbose addRemoteTarball [ 'https://registry.npmjs.org/ng2-file-upload/-/ng2-file-upload-1.0.0-beta.1.tgz',
49 verbose addRemoteTarball   '564d7ef3e8f0c062f97909a8b573e7d58a9a6802' ]
50 info retry fetch attempt 1 at 14:34:28
51 info attempt registry request try #1 at 14:34:28
52 http fetch GET https://registry.npmjs.org/ng2-file-upload/-/ng2-file-upload-1.0.0-beta.1.tgz
53 http fetch 200 https://registry.npmjs.org/ng2-file-upload/-/ng2-file-upload-1.0.0-beta.1.tgz
54 silly fetchAndShaCheck shasum 564d7ef3e8f0c062f97909a8b573e7d58a9a6802
55 verbose addTmpTarball /tmp/npm-5746-577d6c32/registry.npmjs.org/ng2-file-upload/-/ng2-file-upload-1.0.0-beta.1.tgz not in flight; adding
56 verbose addTmpTarball already have metadata; skipping unpack for ng2-file-upload@1.0.0-beta.1
57 verbose correctMkdir /home/vitaliy/.npm correctMkdir not in flight; initializing
58 silly cache afterAdd ng2-file-upload@1.0.0-beta.1
59 verbose afterAdd /home/vitaliy/.npm/ng2-file-upload/1.0.0-beta.1/package/package.json not in flight; writing
60 verbose correctMkdir /home/vitaliy/.npm correctMkdir not in flight; initializing
61 verbose afterAdd /home/vitaliy/.npm/ng2-file-upload/1.0.0-beta.1/package/package.json written
62 silly install resolved [ { name: 'ng2-file-upload',
62 silly install resolved     version: '1.0.0-beta.1',
62 silly install resolved     description: 'angular2 file upload directives',
62 silly install resolved     scripts:
62 silly install resolved      { deploy: 'NODE_ENV=production webpack -p --progress --color --optimize-minimize --optimize-dedupe --optimize-occurence-order',
62 silly install resolved        prepublish: 'gulp clean && tsc',
62 silly install resolved        server: 'webpack-dev-server --hot --inline --colors --display-error-details --display-cached',
62 silly install resolved        start: 'npm run server',
62 silly install resolved        test: 'gulp lint' },
62 silly install resolved     main: 'ng2-file-upload.js',
62 silly install resolved     typings: 'ng2-file-upload.d.ts',
62 silly install resolved     keywords: [ 'angular2', 'bootstrap', 'angularjs', 'twitter-bootstrap' ],
62 silly install resolved     author:
62 silly install resolved      { name: 'Vyacheslav Chub',
62 silly install resolved        email: 'vyacheslav.chub@valor-software.com' },
62 silly install resolved     license: 'MIT',
62 silly install resolved     repository:
62 silly install resolved      { type: 'git',
62 silly install resolved        url: 'git+ssh://git@github.com/valor-software/ng2-file-upload.git' },
62 silly install resolved     bugs: { url: 'https://github.com/valor-software/ng2-file-upload/issues' },
62 silly install resolved     homepage: 'https://github.com/valor-software/ng2-file-upload#readme',
62 silly install resolved     dependencies: {},
62 silly install resolved     devDependencies:
62 silly install resolved      { angular2: '2.0.0-beta.0',
62 silly install resolved        'reflect-metadata': '0.1.2',
62 silly install resolved        rxjs: '5.0.0-beta.0',
62 silly install resolved        'zone.js': '0.5.10',
62 silly install resolved        'es6-shim': '0.33.13',
62 silly install resolved        bootstrap: '3.3.6',
62 silly install resolved        'clean-webpack-plugin': '0.1.8',
62 silly install resolved        'compression-webpack-plugin': '0.2.0',
62 silly install resolved        eslint: '1.10.3',
62 silly install resolved        'exports-loader': '0.6.2',
62 silly install resolved        'file-loader': '0.8.5',
62 silly install resolved        gulp: '3.9.0',
62 silly install resolved        'gulp-clean': '0.3.1',
62 silly install resolved        'gulp-eslint': '1.1.1',
62 silly install resolved        'gulp-size': '2.0.0',
62 silly install resolved        'gulp-tsc': '1.1.4',
62 silly install resolved        'gulp-tslint': '4.3.1',
62 silly install resolved        'html-loader': '0.4.0',
62 silly install resolved        'markdown-loader': '0.1.7',
62 silly install resolved        marked: '0.3.5',
62 silly install resolved        moment: '2.11.1',
62 silly install resolved        'ng2-bootstrap': '1.0.0-beta.2',
62 silly install resolved        'pre-commit': '1.1.2',
62 silly install resolved        prismjs: 'github:valorkin/prism',
62 silly install resolved        'prismjs-loader': '0.0.2',
62 silly install resolved        'raw-loader': '0.5.1',
62 silly install resolved        'require-dir': '0.3.0',
62 silly install resolved        'ts-loader': '0.8.0',
62 silly install resolved        tslint: '3.3.0',
62 silly install resolved        typescript: '1.7.5',
62 silly install resolved        webpack: '1.12.12',
62 silly install resolved        'webpack-dev-server': '1.14.0' },
62 silly install resolved     contributors: [ [Object], [Object] ],
62 silly install resolved     gitHead: '10a82eabdb4353d159ac09a9c5c897b6fcec3d13',
62 silly install resolved     _id: 'ng2-file-upload@1.0.0-beta.1',
62 silly install resolved     _shasum: '564d7ef3e8f0c062f97909a8b573e7d58a9a6802',
62 silly install resolved     _from: 'ng2-file-upload@latest',
62 silly install resolved     _npmVersion: '3.6.0',
62 silly install resolved     _nodeVersion: '4.2.6',
62 silly install resolved     _npmUser: { name: 'valorkin', email: 'valorkin@gmail.com' },
62 silly install resolved     dist:
62 silly install resolved      { shasum: '564d7ef3e8f0c062f97909a8b573e7d58a9a6802',
62 silly install resolved        tarball: 'https://registry.npmjs.org/ng2-file-upload/-/ng2-file-upload-1.0.0-beta.1.tgz' },
62 silly install resolved     maintainers: [ [Object] ],
62 silly install resolved     _npmOperationalInternal:
62 silly install resolved      { host: 'packages-5-east.internal.npmjs.com',
62 silly install resolved        tmp: 'tmp/ng2-file-upload-1.0.0-beta.1.tgz_1454597516574_0.22567525249905884' },
62 silly install resolved     directories: {},
62 silly install resolved     _resolved: 'https://registry.npmjs.org/ng2-file-upload/-/ng2-file-upload-1.0.0-beta.1.tgz' } ]
63 info install ng2-file-upload@1.0.0-beta.1 into /home/vitaliy/Documents/hometown
64 info installOne ng2-file-upload@1.0.0-beta.1
65 verbose installOne of ng2-file-upload to /home/vitaliy/Documents/hometown not in flight; installing
66 verbose correctMkdir /home/vitaliy/.npm/_locks correctMkdir not in flight; initializing
67 verbose lock using /home/vitaliy/.npm/_locks/ng2-file-upload-3b19740e45368937.lock for /home/vitaliy/Documents/hometown/node_modules/ng2-file-upload
68 silly install write writing ng2-file-upload 1.0.0-beta.1 to /home/vitaliy/Documents/hometown/node_modules/ng2-file-upload
69 verbose unbuild node_modules/ng2-file-upload
70 silly gentlyRm /home/vitaliy/Documents/hometown/node_modules/ng2-file-upload is being purged from base /home/vitaliy/Documents/hometown
71 verbose gentlyRm don't care about contents; nuking /home/vitaliy/Documents/hometown/node_modules/ng2-file-upload
72 verbose tar unpack /home/vitaliy/.npm/ng2-file-upload/1.0.0-beta.1/package.tgz
73 verbose tar unpacking to /home/vitaliy/Documents/hometown/node_modules/ng2-file-upload
74 silly gentlyRm /home/vitaliy/Documents/hometown/node_modules/ng2-file-upload is being purged
75 verbose gentlyRm don't care about contents; nuking /home/vitaliy/Documents/hometown/node_modules/ng2-file-upload
76 silly gunzTarPerm modes [ '775', '664' ]
77 silly gunzTarPerm extractEntry package.json
78 silly gunzTarPerm modified mode [ 'package.json', 420, 436 ]
79 silly gunzTarPerm extractEntry .npmignore
80 silly gunzTarPerm modified mode [ '.npmignore', 420, 436 ]
81 silly gunzTarPerm extractEntry README.md
82 silly gunzTarPerm modified mode [ 'README.md', 420, 436 ]
83 silly gunzTarPerm extractEntry LICENSE
84 silly gunzTarPerm modified mode [ 'LICENSE', 420, 436 ]
85 silly gunzTarPerm extractEntry ng2-file-upload.js
86 silly gunzTarPerm modified mode [ 'ng2-file-upload.js', 420, 436 ]
87 silly gunzTarPerm extractEntry gulpfile.js
88 silly gunzTarPerm modified mode [ 'gulpfile.js', 420, 436 ]
89 silly gunzTarPerm extractEntry ng2-file-upload.js.map
90 silly gunzTarPerm modified mode [ 'ng2-file-upload.js.map', 420, 436 ]
91 silly gunzTarPerm extractEntry components/file-upload/file-item.js
92 silly gunzTarPerm modified mode [ 'components/file-upload/file-item.js', 420, 436 ]
93 silly gunzTarPerm extractEntry components/file-upload/file-like-object.js
94 silly gunzTarPerm modified mode [ 'components/file-upload/file-like-object.js', 420, 436 ]
95 silly gunzTarPerm extractEntry components/file-upload/file-drop.js
96 silly gunzTarPerm modified mode [ 'components/file-upload/file-drop.js', 420, 436 ]
97 silly gunzTarPerm extractEntry components/file-upload/file-select.js
98 silly gunzTarPerm modified mode [ 'components/file-upload/file-select.js', 420, 436 ]
99 silly gunzTarPerm extractEntry components/file-upload/file-uploader.js
100 silly gunzTarPerm modified mode [ 'components/file-upload/file-uploader.js', 420, 436 ]
101 silly gunzTarPerm extractEntry components/file-upload/file-like-object.js.map
102 silly gunzTarPerm modified mode [ 'components/file-upload/file-like-object.js.map', 420, 436 ]
103 silly gunzTarPerm extractEntry components/file-upload/file-item.js.map
104 silly gunzTarPerm modified mode [ 'components/file-upload/file-item.js.map', 420, 436 ]
105 silly gunzTarPerm extractEntry components/file-upload/file-item.ts
106 silly gunzTarPerm modified mode [ 'components/file-upload/file-item.ts', 420, 436 ]
107 silly gunzTarPerm extractEntry components/file-upload/file-like-object.d.ts
108 silly gunzTarPerm modified mode [ 'components/file-upload/file-like-object.d.ts', 420, 436 ]
109 silly gunzTarPerm extractEntry components/file-upload/file-drop.js.map
110 silly gunzTarPerm modified mode [ 'components/file-upload/file-drop.js.map', 420, 436 ]
111 silly gunzTarPerm extractEntry components/file-upload/file-drop.ts
112 silly gunzTarPerm modified mode [ 'components/file-upload/file-drop.ts', 420, 436 ]
113 silly gunzTarPerm extractEntry components/file-upload/file-like-object.ts
114 silly gunzTarPerm modified mode [ 'components/file-upload/file-like-object.ts', 420, 436 ]
115 silly gunzTarPerm extractEntry components/file-upload/file-select.d.ts
116 silly gunzTarPerm modified mode [ 'components/file-upload/file-select.d.ts', 420, 436 ]
117 silly gunzTarPerm extractEntry components/file-upload/file-item.d.ts
118 silly gunzTarPerm modified mode [ 'components/file-upload/file-item.d.ts', 420, 436 ]
119 silly gunzTarPerm extractEntry components/file-upload/file-select.js.map
120 silly gunzTarPerm modified mode [ 'components/file-upload/file-select.js.map', 420, 436 ]
121 silly gunzTarPerm extractEntry components/file-upload/file-select.ts
122 silly gunzTarPerm modified mode [ 'components/file-upload/file-select.ts', 420, 436 ]
123 silly gunzTarPerm extractEntry components/file-upload/file-uploader.d.ts
124 silly gunzTarPerm modified mode [ 'components/file-upload/file-uploader.d.ts', 420, 436 ]
125 silly gunzTarPerm extractEntry components/file-upload/file-drop.d.ts
126 silly gunzTarPerm modified mode [ 'components/file-upload/file-drop.d.ts', 420, 436 ]
127 silly gunzTarPerm extractEntry components/file-upload/file-uploader.js.map
128 silly gunzTarPerm modified mode [ 'components/file-upload/file-uploader.js.map', 420, 436 ]
129 silly gunzTarPerm extractEntry components/file-upload/file-uploader.ts
130 silly gunzTarPerm modified mode [ 'components/file-upload/file-uploader.ts', 420, 436 ]
131 silly gunzTarPerm extractEntry components/file-upload/readme.md
132 silly gunzTarPerm modified mode [ 'components/file-upload/readme.md', 420, 436 ]
133 silly gunzTarPerm extractEntry es6-object.d.ts
134 silly gunzTarPerm modified mode [ 'es6-object.d.ts', 420, 436 ]
135 silly gunzTarPerm extractEntry .eslintrc
136 silly gunzTarPerm modified mode [ '.eslintrc', 420, 436 ]
137 silly gunzTarPerm extractEntry ng2-file-upload.d.ts
138 silly gunzTarPerm modified mode [ 'ng2-file-upload.d.ts', 420, 436 ]
139 silly gunzTarPerm extractEntry ng2-file-upload.ts
140 silly gunzTarPerm modified mode [ 'ng2-file-upload.ts', 420, 436 ]
141 silly gunzTarPerm extractEntry tslint.json
142 silly gunzTarPerm modified mode [ 'tslint.json', 420, 436 ]
143 silly gunzTarPerm extractEntry tsconfig.json
144 silly gunzTarPerm modified mode [ 'tsconfig.json', 420, 436 ]
145 silly gunzTarPerm extractEntry .editorconfig
146 silly gunzTarPerm modified mode [ '.editorconfig', 420, 436 ]
147 verbose write writing to /home/vitaliy/Documents/hometown/node_modules/ng2-file-upload/package.json
148 info preinstall ng2-file-upload@1.0.0-beta.1
149 verbose readDependencies loading dependencies from /home/vitaliy/Documents/hometown/node_modules/ng2-file-upload/package.json
150 verbose readDependencies loading dependencies from /home/vitaliy/Documents/hometown/node_modules/ng2-file-upload/package.json
151 silly install resolved []
152 verbose about to build /home/vitaliy/Documents/hometown/node_modules/ng2-file-upload
153 info build /home/vitaliy/Documents/hometown/node_modules/ng2-file-upload
154 info linkStuff ng2-file-upload@1.0.0-beta.1
155 silly linkStuff ng2-file-upload@1.0.0-beta.1 has /home/vitaliy/Documents/hometown/node_modules as its parent node_modules
156 verbose linkBins ng2-file-upload@1.0.0-beta.1
157 verbose linkMans ng2-file-upload@1.0.0-beta.1
158 verbose rebuildBundles ng2-file-upload@1.0.0-beta.1
159 info install ng2-file-upload@1.0.0-beta.1
160 info postinstall ng2-file-upload@1.0.0-beta.1
161 verbose unlock done using /home/vitaliy/.npm/_locks/ng2-file-upload-3b19740e45368937.lock for /home/vitaliy/Documents/hometown/node_modules/ng2-file-upload
162 verbose validateInstall loading /home/vitaliy/Documents/hometown/package.json for validation
163 verbose stack Error: The package rxjs@5.0.0-beta.6 does not satisfy its siblings' peerDependencies requirements!
163 verbose stack     at /home/vitaliy/.meteor/packages/meteor-tool/.1.3.2_4.1n5cvjp++os.linux.x86_64+web.browser+web.cordova/mt-os.linux.x86_64/dev_bundle/lib/node_modules/npm/lib/install.js:125:32
163 verbose stack     at /home/vitaliy/.meteor/packages/meteor-tool/.1.3.2_4.1n5cvjp++os.linux.x86_64+web.browser+web.cordova/mt-os.linux.x86_64/dev_bundle/lib/node_modules/npm/lib/install.js:268:7
163 verbose stack     at /home/vitaliy/.meteor/packages/meteor-tool/.1.3.2_4.1n5cvjp++os.linux.x86_64+web.browser+web.cordova/mt-os.linux.x86_64/dev_bundle/lib/node_modules/npm/node_modules/read-installed/read-installed.js:142:5
163 verbose stack     at /home/vitaliy/.meteor/packages/meteor-tool/.1.3.2_4.1n5cvjp++os.linux.x86_64+web.browser+web.cordova/mt-os.linux.x86_64/dev_bundle/lib/node_modules/npm/node_modules/read-installed/read-installed.js:263:14
163 verbose stack     at cb (/home/vitaliy/.meteor/packages/meteor-tool/.1.3.2_4.1n5cvjp++os.linux.x86_64+web.browser+web.cordova/mt-os.linux.x86_64/dev_bundle/lib/node_modules/npm/node_modules/slide/lib/async-map.js:47:24)
163 verbose stack     at /home/vitaliy/.meteor/packages/meteor-tool/.1.3.2_4.1n5cvjp++os.linux.x86_64+web.browser+web.cordova/mt-os.linux.x86_64/dev_bundle/lib/node_modules/npm/node_modules/read-installed/read-installed.js:263:14
163 verbose stack     at cb (/home/vitaliy/.meteor/packages/meteor-tool/.1.3.2_4.1n5cvjp++os.linux.x86_64+web.browser+web.cordova/mt-os.linux.x86_64/dev_bundle/lib/node_modules/npm/node_modules/slide/lib/async-map.js:47:24)
163 verbose stack     at /home/vitaliy/.meteor/packages/meteor-tool/.1.3.2_4.1n5cvjp++os.linux.x86_64+web.browser+web.cordova/mt-os.linux.x86_64/dev_bundle/lib/node_modules/npm/node_modules/read-installed/read-installed.js:263:14
163 verbose stack     at cb (/home/vitaliy/.meteor/packages/meteor-tool/.1.3.2_4.1n5cvjp++os.linux.x86_64+web.browser+web.cordova/mt-os.linux.x86_64/dev_bundle/lib/node_modules/npm/node_modules/slide/lib/async-map.js:47:24)
163 verbose stack     at /home/vitaliy/.meteor/packages/meteor-tool/.1.3.2_4.1n5cvjp++os.linux.x86_64+web.browser+web.cordova/mt-os.linux.x86_64/dev_bundle/lib/node_modules/npm/node_modules/read-installed/read-installed.js:263:14
164 verbose cwd /home/vitaliy/Documents/hometown
165 error Linux 4.4.0-11-generic
166 error argv "node" "/home/vitaliy/.meteor/packages/meteor-tool/.1.3.2_4.1n5cvjp++os.linux.x86_64+web.browser+web.cordova/mt-os.linux.x86_64/dev_bundle/bin/npm" "install" "ng2-file-upload" "--save"
167 error node v0.10.43
168 error npm  v2.14.22
169 error code EPEERINVALID
170 error peerinvalid The package rxjs@5.0.0-beta.6 does not satisfy its siblings' peerDependencies requirements!
170 error peerinvalid Peer angular2@2.0.0-beta.17 wants rxjs@5.0.0-beta.6
170 error peerinvalid Peer angular2-meteor@0.5.3 wants rxjs@5.0.0-beta.2
170 error peerinvalid Peer ng2-material@0.3.7 wants rxjs@5.0.0-beta.2
171 verbose exit [ 1, true ]
